0 info it worked if it ends with ok
1 verbose cli [ 'C:\\Program Files\\nodejs\\\\node.exe',
1 verbose cli   'C:\\Program Files\\nodejs\\node_modules\\npm\\bin\\npm-cli.js',
1 verbose cli   'install' ]
2 info using npm@2.5.1
3 info using node@v0.12.0
4 verbose node symlink C:\Program Files\nodejs\\node.exe
5 verbose install where, deps [ 'D:\\nodejs\\ng2',
5 verbose install   [ '@angular/common',
5 verbose install     '@angular/compiler',
5 verbose install     '@angular/core',
5 verbose install     '@angular/forms',
5 verbose install     '@angular/http',
5 verbose install     '@angular/platform-browser',
5 verbose install     '@angular/platform-browser-dynamic',
5 verbose install     '@angular/router',
5 verbose install     '@angular/router-deprecated',
5 verbose install     '@angular/upgrade',
5 verbose install     'systemjs',
5 verbose install     'core-js',
5 verbose install     'reflect-metadata',
5 verbose install     'rxjs',
5 verbose install     'zone.js',
5 verbose install     'angular2-in-memory-web-api',
5 verbose install     'bootstrap',
5 verbose install     'concurrently',
5 verbose install     'lite-server',
5 verbose install     'typescript',
5 verbose install     'typings' ] ]
6 verbose install where, peers [ 'D:\\nodejs\\ng2', [] ]
7 info preinstall ng2-demo@1.0.0
8 warn package.json @angular/compiler@2.0.0-rc.3 No description
9 warn package.json @angular/common@2.0.0-rc.3 No description
10 warn package.json @angular/core@2.0.0-rc.3 No description
11 warn package.json @angular/http@2.0.0-rc.3 No description
12 warn package.json @angular/forms@0.1.1 No description
13 warn package.json @angular/platform-browser@2.0.0-rc.3 No description
14 warn package.json @angular/platform-browser-dynamic@2.0.0-rc.3 No description
15 warn package.json @angular/router-deprecated@2.0.0-rc.2 No description
16 warn package.json @angular/upgrade@2.0.0-rc.3 No description
17 verbose already installed skipping reflect-metadata@^0.1.3 D:\nodejs\ng2
18 verbose already installed skipping rxjs@5.0.0-beta.6 D:\nodejs\ng2
19 verbose already installed skipping zone.js@^0.6.12 D:\nodejs\ng2
20 verbose already installed skipping angular2-in-memory-web-api@0.0.12 D:\nodejs\ng2
21 verbose already installed skipping bootstrap@^3.3.6 D:\nodejs\ng2
22 verbose already installed skipping concurrently@^2.0.0 D:\nodejs\ng2
23 verbose already installed skipping lite-server@^2.2.0 D:\nodejs\ng2
24 verbose already installed skipping typescript@^1.8.10 D:\nodejs\ng2
25 verbose already installed skipping typings@^1.0.4 D:\nodejs\ng2
26 verbose already installed skipping @angular/common@2.0.0-rc.3 D:\nodejs\ng2
27 verbose already installed skipping @angular/compiler@2.0.0-rc.3 D:\nodejs\ng2
28 verbose already installed skipping @angular/core@2.0.0-rc.3 D:\nodejs\ng2
29 verbose already installed skipping @angular/forms@0.1.1 D:\nodejs\ng2
30 verbose already installed skipping @angular/http@2.0.0-rc.3 D:\nodejs\ng2
31 verbose already installed skipping @angular/platform-browser@2.0.0-rc.3 D:\nodejs\ng2
32 verbose already installed skipping @angular/platform-browser-dynamic@2.0.0-rc.3 D:\nodejs\ng2
33 verbose already installed skipping @angular/router@3.0.0-alpha.7 D:\nodejs\ng2
34 verbose already installed skipping @angular/router-deprecated@2.0.0-rc.2 D:\nodejs\ng2
35 verbose already installed skipping @angular/upgrade@2.0.0-rc.3 D:\nodejs\ng2
36 verbose already installed skipping systemjs@0.19.27 D:\nodejs\ng2
37 verbose already installed skipping core-js@^2.4.0 D:\nodejs\ng2
38 silly install resolved []
39 info build D:\nodejs\ng2
40 verbose linkStuff [ false, false, false, 'D:\\nodejs' ]
41 info linkStuff ng2-demo@1.0.0
42 verbose linkBins ng2-demo@1.0.0
43 verbose linkMans ng2-demo@1.0.0
44 verbose rebuildBundles ng2-demo@1.0.0
45 verbose rebuildBundles [ '.bin',
45 verbose rebuildBundles   '@angular',
45 verbose rebuildBundles   'angular2-in-memory-web-api',
45 verbose rebuildBundles   'bootstrap',
45 verbose rebuildBundles   'concurrently',
45 verbose rebuildBundles   'core-js',
45 verbose rebuildBundles   'lite-server',
45 verbose rebuildBundles   'reflect-metadata',
45 verbose rebuildBundles   'rxjs',
45 verbose rebuildBundles   'systemjs',
45 verbose rebuildBundles   'typescript',
45 verbose rebuildBundles   'typings',
45 verbose rebuildBundles   'zone.js' ]
46 info install ng2-demo@1.0.0
47 info postinstall ng2-demo@1.0.0
48 verbose unsafe-perm in lifecycle true
49 info prepublish ng2-demo@1.0.0
50 verbose stack Error: The package @angular/core does not satisfy its siblings' peerDependencies requirements!
50 verbose stack     at C:\Program Files\nodejs\node_modules\npm\lib\install.js:103:32
50 verbose stack     at C:\Program Files\nodejs\node_modules\npm\lib\install.js:225:5
50 verbose stack     at C:\Program Files\nodejs\node_modules\npm\node_modules\read-installed\read-installed.js:138:5
50 verbose stack     at C:\Program Files\nodejs\node_modules\npm\node_modules\read-installed\read-installed.js:251:14
50 verbose stack     at cb (C:\Program Files\nodejs\node_modules\npm\node_modules\slide\lib\async-map.js:47:24)
50 verbose stack     at C:\Program Files\nodejs\node_modules\npm\node_modules\read-installed\read-installed.js:251:14
50 verbose stack     at cb (C:\Program Files\nodejs\node_modules\npm\node_modules\slide\lib\async-map.js:47:24)
50 verbose stack     at C:\Program Files\nodejs\node_modules\npm\node_modules\read-installed\read-installed.js:251:14
50 verbose stack     at cb (C:\Program Files\nodejs\node_modules\npm\node_modules\slide\lib\async-map.js:47:24)
50 verbose stack     at C:\Program Files\nodejs\node_modules\npm\node_modules\read-installed\read-installed.js:251:14
51 verbose cwd D:\nodejs\ng2
52 error Windows_NT 6.3.9600
53 error argv "C:\\Program Files\\nodejs\\\\node.exe" "C:\\Program Files\\nodejs\\node_modules\\npm\\bin\\npm-cli.js" "install"
54 error node v0.12.0
55 error npm  v2.5.1
56 error code EPEERINVALID
57 error peerinvalid The package @angular/core does not satisfy its siblings' peerDependencies requirements!
57 error peerinvalid Peer @angular/common@2.0.0-rc.3 wants @angular/core@2.0.0-rc.3
57 error peerinvalid Peer @angular/compiler@2.0.0-rc.3 wants @angular/core@2.0.0-rc.3
57 error peerinvalid Peer @angular/forms@0.1.1 wants @angular/core@2.0.0-rc.3
57 error peerinvalid Peer @angular/http@2.0.0-rc.3 wants @angular/core@2.0.0-rc.3
57 error peerinvalid Peer @angular/platform-browser@2.0.0-rc.3 wants @angular/core@2.0.0-rc.3
57 error peerinvalid Peer @angular/platform-browser-dynamic@2.0.0-rc.3 wants @angular/core@2.0.0-rc.3
57 error peerinvalid Peer @angular/router@3.0.0-alpha.7 wants @angular/core@^2.0.0-rc.2
57 error peerinvalid Peer @angular/router-deprecated@2.0.0-rc.2 wants @angular/core@^2.0.0-rc
57 error peerinvalid Peer @angular/upgrade@2.0.0-rc.3 wants @angular/core@2.0.0-rc.3
57 error peerinvalid Peer angular2-in-memory-web-api@0.0.12 wants @angular/core@2.0.0-rc.2
58 verbose exit [ 1, true ]
